<?xml version="1.0" encoding="UTF-8"?>
<!-- Generated by org.testng.reporters.JUnitReportReporter -->
<testsuite hostname="DESKTOP-OF3P2UQ" failures="0" tests="4" name="TestNG1.TestNG1.AnotationParameters" time="0.033" errors="0" timestamp="2025-12-21T20:52:29 IST" skipped="0">
  <testcase classname="TestNG1.TestNG1.AnotationParameters" name="LaunchBrowser" time="0.003"/>
  <testcase classname="TestNG1.TestNG1.AnotationParameters" name="LaunchBrowser" time="0.024"/>
  <testcase classname="TestNG1.TestNG1.AnotationParameters" name="LaunchBrowser" time="0.004"/>
  <testcase classname="TestNG1.TestNG1.AnotationParameters" name="Hiturl" time="0.002"/>
</testsuite> <!-- TestNG1.TestNG1.AnotationParameters -->
