<?xml version="1.0" encoding="UTF-8"?>
<testng-results ignored="0" total="4" passed="4" failed="0" skipped="0">
  <reporter-output>
  </reporter-output>
  <suite started-at="2025-12-21T20:52:29 IST" name="Default suite" finished-at="2025-12-21T20:52:29 IST" duration-ms="156">
    <groups>
    </groups>
    <test started-at="2025-12-21T20:52:29 IST" name="Default test" finished-at="2025-12-21T20:52:29 IST" duration-ms="156">
      <class name="TestNG1.TestNG1.AnotationParameters">
        <test-method signature="LaunchBrowser()[pri:1, instance:TestNG1.TestNG1.AnotationParameters@4a94ee4]" started-at="2025-12-21T20:52:29 IST" name="LaunchBrowser" finished-at="2025-12-21T20:52:29 IST" duration-ms="24" status="PASS">
          <reporter-output>
          </reporter-output>
        </test-method> <!-- LaunchBrowser -->
        <test-method signature="LaunchBrowser()[pri:1, instance:TestNG1.TestNG1.AnotationParameters@4a94ee4]" started-at="2025-12-21T20:52:29 IST" name="LaunchBrowser" finished-at="2025-12-21T20:52:29 IST" duration-ms="4" status="PASS">
          <reporter-output>
          </reporter-output>
        </test-method> <!-- LaunchBrowser -->
        <test-method signature="LaunchBrowser()[pri:1, instance:TestNG1.TestNG1.AnotationParameters@4a94ee4]" started-at="2025-12-21T20:52:29 IST" name="LaunchBrowser" finished-at="2025-12-21T20:52:29 IST" duration-ms="3" status="PASS">
          <reporter-output>
          </reporter-output>
        </test-method> <!-- LaunchBrowser -->
        <test-method signature="Hiturl()[pri:2, instance:TestNG1.TestNG1.AnotationParameters@4a94ee4]" started-at="2025-12-21T20:52:29 IST" name="Hiturl" finished-at="2025-12-21T20:52:29 IST" duration-ms="2" status="PASS">
          <reporter-output>
          </reporter-output>
        </test-method> <!-- Hiturl -->
      </class> <!-- TestNG1.TestNG1.AnotationParameters -->
    </test> <!-- Default test -->
  </suite> <!-- Default suite -->
</testng-results>
