<?xml version="1.0" encoding="UTF-8"?>
<!-- Generated by org.testng.reporters.JUnitXMLReporter -->
<testsuite ignored="0" hostname="DESKTOP-OF3P2UQ" failures="0" tests="4" name="Default test" time="0.156" errors="0" timestamp="2025-12-21T20:52:29 IST">
  <testcase classname="TestNG1.TestNG1.AnotationParameters" name="LaunchBrowser" time="0.024"/>
  <testcase classname="TestNG1.TestNG1.AnotationParameters" name="LaunchBrowser" time="0.004"/>
  <testcase classname="TestNG1.TestNG1.AnotationParameters" name="LaunchBrowser" time="0.003"/>
  <testcase classname="TestNG1.TestNG1.AnotationParameters" name="Hiturl" time="0.002"/>
</testsuite> <!-- Default test -->
